2023-06-09 19:05:51 INFO  Automation:36 - The division operation is performed
2023-06-09 19:05:54 INFO  Automation:27 - The addition operation is performed
2023-06-09 19:05:55 INFO  Automation:33 - The multiplication operation is performed
2023-06-09 19:05:56 INFO  Automation:36 - The division operation is performed
2023-06-09 19:05:59 INFO  Automation:27 - The addition operation is performed
2023-06-09 19:05:59 INFO  Automation:33 - The multiplication operation is performed
2023-06-09 19:06:00 INFO  Automation:46 - Result = 120
2023-06-09 19:06:00 INFO  Automation:47 - User = sefa
2023-06-09 19:06:00 INFO  Automation:30 - The substration operation is performed
2023-06-09 19:06:25 INFO  Automation:30 - The substration operation is performed
2023-06-11 19:49:24 INFO  Automation:27 - The addition operation is performed
2023-06-11 19:49:27 INFO  Automation:46 - Result = 12
2023-06-11 19:49:27 INFO  Automation:47 - User = sefa
2023-06-11 19:49:27 INFO  Automation:36 - The division operation is performed
2023-06-11 19:50:02 INFO  Automation:27 - The addition operation is performed
2023-06-11 19:50:04 INFO  Automation:46 - Result = 12
2023-06-11 19:50:04 INFO  Automation:47 - User = sefa
2023-06-11 19:50:04 INFO  Automation:36 - The division operation is performed
2023-06-11 19:50:05 INFO  Automation:46 - Result = 4
2023-06-11 19:50:05 INFO  Automation:47 - User = sefa
2023-06-11 19:50:05 INFO  Automation:33 - The multiplication operation is performed
2023-06-11 19:50:28 INFO  Automation:27 - The addition operation is performed
2023-06-11 19:50:31 INFO  Automation:46 - Result = 12
2023-06-11 19:50:31 INFO  Automation:47 - User = sefa
2023-06-11 19:50:31 INFO  Automation:36 - The division operation is performed
2023-06-11 19:50:31 INFO  Automation:46 - Result = 4
2023-06-11 19:50:31 INFO  Automation:47 - User = sefa
2023-06-11 19:50:31 INFO  Automation:33 - The multiplication operation is performed
2023-06-11 19:50:32 INFO  Automation:46 - Result = 120
2023-06-11 19:50:32 INFO  Automation:47 - User = sefa
2023-06-11 19:50:32 INFO  Automation:30 - The substration operation is performed
2023-06-11 19:50:32 INFO  Automation:46 - Result = 2
2023-06-11 19:50:32 INFO  Automation:47 - User = sefa
2023-06-11 19:51:11 INFO  Automation:53 - The sum operation is performed
2023-06-11 19:51:34 INFO  Automation:53 - The sum operation is performed
2023-06-11 19:51:36 INFO  Automation:63 - Result = 15
2023-06-11 19:51:36 INFO  Automation:64 - User = sefa
2023-06-12 03:54:45 INFO  SearchPage:106 - Product: , Image Displayed: false
2023-06-12 03:54:55 INFO  SearchPage:106 - Product: , Image Displayed: false
2023-06-12 03:55:06 INFO  SearchPage:106 - Product: , Image Displayed: false
2023-06-12 03:55:16 INFO  SearchPage:106 - Product: , Image Displayed: false
2023-06-12 03:58:01 INFO  SearchPage:106 - Product: , Image Displayed: false
2023-06-12 03:58:11 INFO  SearchPage:106 - Product: , Image Displayed: false
2023-06-12 03:58:21 INFO  SearchPage:106 - Product: , Image Displayed: false
2023-06-12 03:58:31 INFO  SearchPage:106 - Product: , Image Displayed: false
2023-06-12 03:58:32 INFO  SearchPage:48 - Tab 1, Checked 
2023-06-12 03:58:36 INFO  SearchPage:106 - Product: HIZLI TESLIMAT
KARGO BEDAVA
8
FARKLI RENK SEÇENEKLERİ
YENİ
Bu simge, ilgili ürünün farklı seçenekleri de
olduğunu gösterir. Ürünün detayında renk seçimi yapabilirsiniz.
AvvaErkek Beyaz Kolay Ütülenebilir Standart Fit Normal Kesim Oxford Gömlek E002000
(10577)
Son 14 Günün En Düşük Fiyatı!
249,99 TL
Çok Al Az Öde
Videolu Ürün, Image Displayed: false
2023-06-12 03:58:36 INFO  SearchPage:106 - Product: HIZLI TESLIMAT
KARGO BEDAVA
18
outfiit manDokulu Oversize Gömlek Siyah 70171002
(2822)
170,74 TL, Image Displayed: false
2023-06-12 03:58:36 INFO  SearchPage:106 - Product: BUGÜN KARGODA
KARGO BEDAVA
7
FitmensBej Klasik Uzun Kol Keten Cotton Hediye Kutulu Erkek Gömlek - Bej
(65)
399 TL
20 TL Kupon
Çok Al Az Öde, Image Displayed: false
2023-06-12 03:58:36 INFO  SearchPage:106 - Product: BUGÜN KARGODA
KARGO BEDAVA
bombeSlim Fit Erkek Kot Gömlek Yeşil
(4471)
Son 30 Günün En Düşük Fiyatı!
278,10 TL
269,90 TL
Çok Al Az Öde, Image Displayed: false
2023-06-12 03:58:37 INFO  SearchPage:48 - Tab 2, Checked 
2023-06-12 03:58:43 INFO  SearchPage:106 - Product: BUGÜN KARGODA
KARGO BEDAVA
7
CACALAÇocuk Turkuaz Peştemal Çantaya Dönüştürülebilen 3'ü1 Arada Banyo Havlusu %100 Pamuk 100x180
464,99 TL
Çok Al Az Öde, Image Displayed: false
2023-06-12 03:58:43 INFO  SearchPage:106 - Product: BUGÜN KARGODA
KARGO BEDAVA
NabaijiÇocuk Deniz Gözlüğü Mavi
(626)
Son 30 Günün En Düşük Fiyatı!
169,95 TL
163,95 TL
10 TL Kupon
Çok Al Az Öde, Image Displayed: false
2023-06-12 03:58:43 INFO  SearchPage:106 - Product: BUGÜN KARGODA
KARGO BEDAVA
NabaijiDeniz Gözlüğü
(616)
Son 7 Günün En Düşük Fiyatı!
159,90 TL
154 TL, Image Displayed: false
2023-06-12 03:58:44 INFO  SearchPage:106 - Product: BUGÜN KARGODA
KARGO BEDAVA
NabaijiMavi Turuncu Çocuk Yüzücü Gözlüğü S Boy Şeffaf Camlar Xbase Dye Nabaıjı
(580)
200 TL'ye %2 İndirim
223,70 TL, Image Displayed: false
2023-06-12 03:58:44 INFO  SearchPage:48 - Tab 3, Checked 
2023-06-12 03:58:57 INFO  SearchPage:106 - Product: , Image Displayed: false
2023-06-12 03:59:07 INFO  SearchPage:106 - Product: , Image Displayed: false
2023-06-12 03:59:17 INFO  SearchPage:106 - Product: , Image Displayed: false
2023-06-12 03:59:27 INFO  SearchPage:106 - Product: , Image Displayed: false
2023-06-12 03:59:28 INFO  SearchPage:48 - Tab 4, Checked 
2023-06-12 03:59:32 INFO  SearchPage:106 - Product: HIZLI TESLIMAT
KARGO BEDAVA
Zühre AnaKids Çocuklar Için Özel - Arı Sütü, Pekmez, Bal Ve Vitamin Katkılı Kakaolu Macun
(43555)
164,90 TL
Sepete Ekle
Sepete Eklendi, Image Displayed: false
2023-06-12 03:59:32 INFO  SearchPage:106 - Product: HIZLI TESLIMAT
KARGO BEDAVA
Zühre AnaKozalak Macunu - Çam Kozalağı Macunu Hologramlı Ürün
(32816)
149 TL
Sepete Ekle
Sepete Eklendi, Image Displayed: false
2023-06-12 03:59:32 INFO  SearchPage:106 - Product: KARGO BEDAVA
Kahve DünyasıLavi Çikolata 1 Kg Bayram Hediyesi
(24316)
Son 7 Günün En Düşük Fiyatı!
195 TL
Çok Al Az Öde
Sepete Ekle
Sepete Eklendi, Image Displayed: false
2023-06-12 03:59:33 INFO  SearchPage:106 - Product: KARGO BEDAVA
ZüberFıstık Ezmesi 3 Adet X 315 gr
(21157)
Son 14 Günün En Düşük Fiyatı!
156 TL
Sepete Ekle
Sepete Eklendi, Image Displayed: false
2023-06-12 03:59:33 INFO  SearchPage:48 - Tab 5, Checked 
2023-06-12 03:59:47 INFO  SearchPage:106 - Product: , Image Displayed: false
2023-06-12 03:59:57 INFO  SearchPage:106 - Product: , Image Displayed: false
2023-06-12 04:00:07 INFO  SearchPage:106 - Product: , Image Displayed: false
2023-06-12 04:00:17 INFO  SearchPage:106 - Product: , Image Displayed: false
2023-06-12 04:00:18 INFO  SearchPage:48 - Tab 6, Checked 
2023-06-12 04:00:31 INFO  SearchPage:106 - Product: , Image Displayed: false
2023-06-12 04:00:41 INFO  SearchPage:106 - Product: , Image Displayed: false
2023-06-12 04:00:51 INFO  SearchPage:106 - Product: , Image Displayed: false
2023-06-12 04:01:01 INFO  SearchPage:106 - Product: , Image Displayed: false
2023-06-12 04:01:02 INFO  SearchPage:48 - Tab 7, Checked 
2023-06-12 04:01:05 INFO  SearchPage:106 - Product: HIZLI TESLIMAT
KARGO BEDAVA
SMARTBLUEPlastik Kasa Amatör Eski Model Manessa Profesyonel T-bıçak Saç Sakal Ense Ve Çizim Tıraş Makinesi
(2174)
149 TL
10 TL Kupon, Image Displayed: false
2023-06-12 04:01:05 INFO  SearchPage:106 - Product: HIZLI TESLIMAT
KARGO BEDAVA
PhilipsAirfryer Xxl Hd9650/90 Avance Collection Fritöz
(13138)
Son 30 Günün En Düşük Fiyatı!
6.190 TL
5.823 TL, Image Displayed: false
2023-06-12 04:01:05 INFO  SearchPage:106 - Product: HIZLI TESLIMAT
KARGO BEDAVA
PowertecTr-1818 T-bıçak Ense Sakal Çizim Tıraş Makinesi
(18556)
334,50 TL
Çok Al Az Öde, Image Displayed: false
2023-06-12 04:01:05 INFO  SearchPage:106 - Product: KARGO BEDAVA
2
XiaomiMi Smart Air Fryer 3,5 L Fritöz
(5316)
2.399 TL, Image Displayed: false
2023-06-12 04:01:06 INFO  SearchPage:48 - Tab 8, Checked 
2023-06-12 12:23:33 INFO  SearchPage:109 - Product: HIZLI TESLIMAT
KARGO BEDAVA
HuaweiMatebook D14 Intel Core i5-1155G7 8GB 512GB SSD 14" W11 Dizüstü Bilgisayar (Huawei Türkiye Garanti)
(27)
12.340 TL
12.300 TL, Image Displayed: false
2023-06-12 12:23:33 INFO  SearchPage:109 - Product: HIZLI TESLIMAT
MonsterAbra A5 V16.7.3 Intel Core I5-11400h 16gb Ram 500gb Ssd 4gb Gtx1650 Freedos 15.6" Fhd 144hz
(1571)
16.599 TL, Image Displayed: false
2023-06-12 12:23:34 INFO  SearchPage:109 - Product: KARGO BEDAVA
CasperExcalibur G870.1245-DFA0X-B Intel Core i5-12450H 32GB RAM 1TB NVME SSD 6GB RTX4050 Freedos
(24)
Son 14 Günün En Düşük Fiyatı!
23.999 TL, Image Displayed: false
2023-06-12 12:23:34 INFO  SearchPage:109 - Product: HIZLI TESLIMAT
KARGO BEDAVA
ACERAspire3 Intel Core i5-1135G7 8GB 256GB SSD 15,6" FHD DOS Dizüstü Bilgisayar (ACER Türkiye Garantili)
(42)
Son 30 Günün En Düşük Fiyatı!
9.450 TL
9.395 TL
50 TL Kupon, Image Displayed: false
2023-06-12 12:23:34 INFO  SearchPage:48 - Tab 1, Checked 
2023-06-12 12:23:38 INFO  SearchPage:109 - Product: HIZLI TESLIMAT
KARGO BEDAVA
HuaweiMatebook D14 Intel Core i5-1155G7 8GB 512GB SSD 14" W11 Dizüstü Bilgisayar (Huawei Türkiye Garanti)
(27)
12.340 TL
12.300 TL, Image Displayed: false
2023-06-12 12:23:38 INFO  SearchPage:109 - Product: HIZLI TESLIMAT
MonsterAbra A5 V16.7.3 Intel Core I5-11400h 16gb Ram 500gb Ssd 4gb Gtx1650 Freedos 15.6" Fhd 144hz
(1571)
16.599 TL, Image Displayed: false
2023-06-12 12:23:38 INFO  SearchPage:109 - Product: KARGO BEDAVA
CasperExcalibur G870.1245-DFA0X-B Intel Core i5-12450H 32GB RAM 1TB NVME SSD 6GB RTX4050 Freedos
(24)
Son 14 Günün En Düşük Fiyatı!
23.999 TL, Image Displayed: false
2023-06-12 12:23:38 INFO  SearchPage:109 - Product: HIZLI TESLIMAT
KARGO BEDAVA
ACERAspire3 Intel Core i5-1135G7 8GB 256GB SSD 15,6" FHD DOS Dizüstü Bilgisayar (ACER Türkiye Garantili)
(42)
Son 30 Günün En Düşük Fiyatı!
9.450 TL
9.395 TL
50 TL Kupon, Image Displayed: false
2023-06-12 12:23:38 INFO  SearchPage:48 - Tab 2, Checked 
2023-06-12 12:23:41 INFO  SearchPage:109 - Product: 4
FARKLI RENK SEÇENEKLERİ
YENİ
Bu simge, ilgili ürünün farklı seçenekleri de
olduğunu gösterir. Ürünün detayında renk seçimi yapabilirsiniz.
DefactoKız Çocuk Desenli Askılı Pamuklu Kısa Tulum
(38)
Son 30 Günün En Düşük Fiyatı!
112,49 TL
82,49 TL, Image Displayed: false
2023-06-12 12:23:42 INFO  SearchPage:109 - Product: DefactoErkek Çocuk Regular Fit Bisiklet Yaka Renk Bloklu Kısa Kollu Tişört
(27)
Son 30 Günün En Düşük Fiyatı!
112,49 TL
74,99 TL, Image Displayed: false
2023-06-12 12:23:42 INFO  SearchPage:109 - Product: 7
DefactoKız Çocuk Kısa Boy Tayt
(1226)
59,99 TL, Image Displayed: false
2023-06-12 12:23:42 INFO  SearchPage:109 - Product: 3
DefactoKız Çocuk Kapri Boy Tayt
(116)
59,99 TL, Image Displayed: false
2023-06-12 12:23:42 INFO  SearchPage:48 - Tab 3, Checked 
2023-06-12 12:23:48 INFO  SearchPage:109 - Product: KARGO BEDAVA
Ally MobileAlly Saatçi Tamirci Kuyumcu 10x Büyüteç Optik Cam Lens-siyah
Son 30 Günün En Düşük Fiyatı!
109,49 TL
102,78 TL
Sepete Ekle
Sepete Eklendi, Image Displayed: false
2023-06-12 12:23:48 INFO  SearchPage:109 - Product: HIZLI TESLIMAT
KARGO BEDAVA
Ena ButikCanvas Pembe Sakız Ve Zebra Sayılarla Boyama Seti Rulo 100 X 140 Cm
1.352,22 TL
Çok Al Az Öde
Sepete Ekle
Sepete Eklendi, Image Displayed: false
2023-06-12 12:23:48 INFO  SearchPage:109 - Product: HIZLI TESLIMAT
KARGO BEDAVA
Ena ButikCanvas Kadının Içindeki Doğa Sayılarla Boyama Seti Kasnaklı 100 X 140 Cm
1.415,62 TL
Çok Al Az Öde
Sepete Ekle
Sepete Eklendi, Image Displayed: false
2023-06-12 12:23:48 INFO  SearchPage:109 - Product: HIZLI TESLIMAT
KARGO BEDAVA
Ena ButikCanvas Romantik Süpriz Sayılarla Boyama Seti Kasnaklı 100 X 140 Cm
1.415,62 TL
Çok Al Az Öde
Sepete Ekle
Sepete Eklendi, Image Displayed: false
2023-06-12 12:23:48 INFO  SearchPage:48 - Tab 4, Checked 
2023-06-12 12:23:53 INFO  SearchPage:109 - Product: HIZLI TESLIMAT
KARGO BEDAVA
JavexYoğun Leke Karşıtı 50 Spf Yüksek Koruma Ton Eşitleyici Aydınlatıcı Yüz Ve Vücut Güneş Kremi 100 ml
(164)
200 TL
Çok Al Az Öde
Sepete Ekle
Sepete Eklendi, Image Displayed: false
2023-06-12 12:23:53 INFO  SearchPage:109 - Product: KARGO BEDAVA
3
eliamoraBb Krem +50 Spf Yüksek Koruyucu Medium
(257)
169 TL
143 TL
Kupon Fırsatı
3 Al 2 Öde
Sepete Ekle
Sepete Eklendi, Image Displayed: false
2023-06-12 12:23:53 INFO  SearchPage:109 - Product: HIZLI TESLIMAT
KARGO BEDAVA
BionobleDoğal At Kılı Selülit Fırçası + Doğal At Kılı Yüz Fırçası
(2067)
119,99 TL
Birlikte Al Kazan
Sepete Ekle
Sepete Eklendi, Image Displayed: false
2023-06-12 12:23:53 INFO  SearchPage:109 - Product: HIZLI TESLIMAT
KARGO BEDAVA
time to shineSelin Özbey Yoğun Bronzlaştırıcı Yağ 200ml
(259)
162 TL
Sepete Ekle
Sepete Eklendi, Image Displayed: false
2023-06-12 12:23:54 INFO  SearchPage:48 - Tab 5, Checked 
2023-06-12 12:23:57 INFO  SearchPage:109 - Product: KARGO BEDAVA
3
Soho ExclusiveBeyaz Unisex Sneaker 14361
(18592)
169,99 TL, Image Displayed: false
2023-06-12 12:23:57 INFO  SearchPage:109 - Product: HIZLI TESLIMAT
KARGO BEDAVA
2
Dark SeerKadın Beyaz Pudra Sneaker
(10825)
Son 30 Günün En Düşük Fiyatı!
474,40 TL, Image Displayed: false
2023-06-12 12:23:57 INFO  SearchPage:109 - Product: HIZLI TESLIMAT
KARGO BEDAVA
12
RicconUnisex Siyah Sneaker 0012072
(21031)
280,85 TL, Image Displayed: false
2023-06-12 12:23:58 INFO  SearchPage:109 - Product: HIZLI TESLIMAT
KARGO BEDAVA
7
Tonny BlackKadın Spor Ayakkabı Beyaz Cilt Bls-q
(14495)
301,95 TL
Kupon Fırsatı, Image Displayed: false
2023-06-12 12:23:58 INFO  SearchPage:48 - Tab 6, Checked 
2023-06-12 12:24:01 INFO  SearchPage:109 - Product: HIZLI TESLIMAT
KARGO BEDAVA
SMARTBLUEPlastik Kasa Amatör Eski Model Manessa Profesyonel T-bıçak Saç Sakal Ense Ve Çizim Tıraş Makinesi
(2176)
149 TL
10 TL Kupon, Image Displayed: false
2023-06-12 12:24:02 INFO  SearchPage:109 - Product: HIZLI TESLIMAT
KARGO BEDAVA
PhilipsAirfryer Xxl Hd9650/90 Avance Collection Fritöz
(13138)
Son 14 Günün En Düşük Fiyatı!
5.799 TL, Image Displayed: false
2023-06-12 12:24:02 INFO  SearchPage:109 - Product: HIZLI TESLIMAT
KARGO BEDAVA
PowertecTr-1818 T-bıçak Ense Sakal Çizim Tıraş Makinesi
(18556)
334,50 TL
Çok Al Az Öde, Image Displayed: false
2023-06-12 12:24:02 INFO  SearchPage:109 - Product: HIZLI TESLIMAT
KARGO BEDAVA
FANTOMPratic Kırmızı Kuru Süpürge
(31519)
747 TL, Image Displayed: false
2023-06-12 12:24:02 INFO  SearchPage:48 - Tab 7, Checked 
2023-06-12 12:24:05 INFO  SearchPage:109 - Product: KARGO BEDAVA
3
adidasEssentials Logolu Omuz Çantası
(2078)
218,99 TL, Image Displayed: false
2023-06-12 12:24:05 INFO  SearchPage:109 - Product: DecathlonQuechua Outdoor Sırt Çantası - 10l - Siyah - Nh 100
(1585)
Son 30 Günün En Düşük Fiyatı!
135 TL
131 TL
Çok Al Az Öde, Image Displayed: false
2023-06-12 12:24:05 INFO  SearchPage:109 - Product: HIZLI TESLIMAT
5
PumaPhase Backpack - Siyah Unisex Sırt Çantası 31x43x13
(5977)
351 TL, Image Displayed: false
2023-06-12 12:24:05 INFO  SearchPage:109 - Product: HIZLI TESLIMAT
HUMMELLandon - Siyah Sırt Çantası
(303)
209,90 TL, Image Displayed: false
2023-06-12 12:24:06 INFO  SearchPage:48 - Tab 8, Checked 
2023-06-12 12:34:45 INFO  SearchPage:117 - Product: HIZLI TESLIMAT
KARGO BEDAVA
HuaweiMatebook D14 Intel Core i5-1155G7 8GB 512GB SSD 14" W11 Dizüstü Bilgisayar (Huawei Türkiye Garanti)
(27)
12.340 TL
12.300 TL, Image Displayed: true
2023-06-12 12:34:45 INFO  SearchPage:117 - Product: HIZLI TESLIMAT
MonsterAbra A5 V16.7.3 Intel Core I5-11400h 16gb Ram 500gb Ssd 4gb Gtx1650 Freedos 15.6" Fhd 144hz
(1571)
16.599 TL, Image Displayed: true
2023-06-12 12:34:45 INFO  SearchPage:117 - Product: KARGO BEDAVA
CasperExcalibur G870.1245-DFA0X-B Intel Core i5-12450H 32GB RAM 1TB NVME SSD 6GB RTX4050 Freedos
(24)
Son 14 Günün En Düşük Fiyatı!
23.999 TL, Image Displayed: true
2023-06-12 12:34:45 INFO  SearchPage:117 - Product: HIZLI TESLIMAT
KARGO BEDAVA
ACERAspire3 Intel Core i5-1135G7 8GB 256GB SSD 15,6" FHD DOS Dizüstü Bilgisayar (ACER Türkiye Garantili)
(42)
Son 30 Günün En Düşük Fiyatı!
9.450 TL
9.395 TL
50 TL Kupon, Image Displayed: true
2023-06-12 12:34:45 INFO  SearchPage:48 - Tab 1, Checked 
2023-06-12 12:34:49 INFO  SearchPage:117 - Product: HIZLI TESLIMAT
KARGO BEDAVA
HuaweiMatebook D14 Intel Core i5-1155G7 8GB 512GB SSD 14" W11 Dizüstü Bilgisayar (Huawei Türkiye Garanti)
(27)
12.340 TL
12.300 TL, Image Displayed: true
2023-06-12 12:34:49 INFO  SearchPage:117 - Product: HIZLI TESLIMAT
MonsterAbra A5 V16.7.3 Intel Core I5-11400h 16gb Ram 500gb Ssd 4gb Gtx1650 Freedos 15.6" Fhd 144hz
(1571)
16.599 TL, Image Displayed: true
2023-06-12 12:34:49 INFO  SearchPage:117 - Product: KARGO BEDAVA
CasperExcalibur G870.1245-DFA0X-B Intel Core i5-12450H 32GB RAM 1TB NVME SSD 6GB RTX4050 Freedos
(24)
Son 14 Günün En Düşük Fiyatı!
23.999 TL, Image Displayed: true
2023-06-12 12:34:49 INFO  SearchPage:117 - Product: HIZLI TESLIMAT
KARGO BEDAVA
ACERAspire3 Intel Core i5-1135G7 8GB 256GB SSD 15,6" FHD DOS Dizüstü Bilgisayar (ACER Türkiye Garantili)
(42)
Son 30 Günün En Düşük Fiyatı!
9.450 TL
9.395 TL
50 TL Kupon, Image Displayed: true
2023-06-12 12:34:50 INFO  SearchPage:48 - Tab 2, Checked 
2023-06-12 12:34:53 INFO  SearchPage:117 - Product: 4
FARKLI RENK SEÇENEKLERİ
YENİ
Bu simge, ilgili ürünün farklı seçenekleri de
olduğunu gösterir. Ürünün detayında renk seçimi yapabilirsiniz.
DefactoKız Çocuk Desenli Askılı Pamuklu Kısa Tulum
(38)
Son 30 Günün En Düşük Fiyatı!
112,49 TL
82,49 TL, Image Displayed: true
2023-06-12 12:34:53 INFO  SearchPage:117 - Product: DefactoErkek Çocuk Regular Fit Bisiklet Yaka Renk Bloklu Kısa Kollu Tişört
(27)
Son 30 Günün En Düşük Fiyatı!
112,49 TL
74,99 TL, Image Displayed: true
2023-06-12 12:34:53 INFO  SearchPage:117 - Product: 7
DefactoKız Çocuk Kısa Boy Tayt
(1226)
59,99 TL, Image Displayed: true
2023-06-12 12:34:53 INFO  SearchPage:117 - Product: 3
DefactoKız Çocuk Kapri Boy Tayt
(116)
59,99 TL, Image Displayed: true
2023-06-12 12:34:54 INFO  SearchPage:48 - Tab 3, Checked 
2023-06-12 12:35:03 INFO  SearchPage:117 - Product: KARGO BEDAVA
Ally MobileAlly Saatçi Tamirci Kuyumcu 10x Büyüteç Optik Cam Lens-siyah
Son 30 Günün En Düşük Fiyatı!
109,49 TL
102,78 TL
Sepete Ekle
Sepete Eklendi, Image Displayed: true
2023-06-12 12:35:03 INFO  SearchPage:117 - Product: HIZLI TESLIMAT
KARGO BEDAVA
Ena ButikCanvas Pembe Sakız Ve Zebra Sayılarla Boyama Seti Rulo 100 X 140 Cm
1.352,22 TL
Çok Al Az Öde
Sepete Ekle
Sepete Eklendi, Image Displayed: true
2023-06-12 12:35:03 INFO  SearchPage:117 - Product: HIZLI TESLIMAT
KARGO BEDAVA
Ena ButikCanvas Kadının Içindeki Doğa Sayılarla Boyama Seti Kasnaklı 100 X 140 Cm
1.415,62 TL
Çok Al Az Öde
Sepete Ekle
Sepete Eklendi, Image Displayed: true
2023-06-12 12:35:03 INFO  SearchPage:117 - Product: HIZLI TESLIMAT
KARGO BEDAVA
Ena ButikCanvas Romantik Süpriz Sayılarla Boyama Seti Kasnaklı 100 X 140 Cm
1.415,62 TL
Çok Al Az Öde
Sepete Ekle
Sepete Eklendi, Image Displayed: true
2023-06-12 12:35:03 INFO  SearchPage:48 - Tab 4, Checked 
2023-06-12 12:35:06 INFO  SearchPage:117 - Product: HIZLI TESLIMAT
KARGO BEDAVA
JavexYoğun Leke Karşıtı 50 Spf Yüksek Koruma Ton Eşitleyici Aydınlatıcı Yüz Ve Vücut Güneş Kremi 100 ml
(164)
200 TL
Çok Al Az Öde
Sepete Ekle
Sepete Eklendi, Image Displayed: true
2023-06-12 12:35:06 INFO  SearchPage:117 - Product: KARGO BEDAVA
3
eliamoraBb Krem +50 Spf Yüksek Koruyucu Medium
(257)
169 TL
143 TL
Kupon Fırsatı
3 Al 2 Öde
Sepete Ekle
Sepete Eklendi, Image Displayed: true
2023-06-12 12:35:06 INFO  SearchPage:117 - Product: HIZLI TESLIMAT
KARGO BEDAVA
BionobleDoğal At Kılı Selülit Fırçası + Doğal At Kılı Yüz Fırçası
(2067)
119,99 TL
Birlikte Al Kazan
Sepete Ekle
Sepete Eklendi, Image Displayed: true
2023-06-12 12:35:06 INFO  SearchPage:117 - Product: HIZLI TESLIMAT
KARGO BEDAVA
time to shineSelin Özbey Yoğun Bronzlaştırıcı Yağ 200ml
(259)
162 TL
Sepete Ekle
Sepete Eklendi, Image Displayed: true
2023-06-12 12:35:07 INFO  SearchPage:48 - Tab 5, Checked 
2023-06-12 12:35:10 INFO  SearchPage:117 - Product: HIZLI TESLIMAT
KARGO BEDAVA
rise and shineBeyazlatıcı Krem ( Whitening) - 100 ml
(31799)
Son 14 Günün En Düşük Fiyatı!
169 TL
149 TL
Çok Al Az Öde
Sepete Ekle
Sepete Eklendi, Image Displayed: true
2023-06-12 12:35:11 INFO  SearchPage:117 - Product: KARGO BEDAVA
rise and shineMaderise Cilt Bakım Kremi - 40 ml
(71040)
120 TL
Sepete Ekle
Sepete Eklendi, Image Displayed: true
2023-06-12 12:35:11 INFO  SearchPage:117 - Product: KARGO BEDAVA
Colgate360 Pilli Optik Beyaz Platinum Beyazlatıcı Yumuşak Diş Fırçası
(2273)
214,95 TL
10 TL Kupon
Çok Al Az Öde
Sepete Ekle
Sepete Eklendi, Image Displayed: true
2023-06-12 12:35:11 INFO  SearchPage:117 - Product: HIZLI TESLIMAT
KARGO BEDAVA
rise and shineKeratin Kolajen Saç Bakım Sütü 200 ml
(52287)
139 TL
Kupon Fırsatı
Sepete Ekle
Sepete Eklendi, Image Displayed: true
2023-06-12 12:35:11 INFO  SearchPage:48 - Tab 6, Checked 
2023-06-12 12:35:15 INFO  SearchPage:117 - Product: KARGO BEDAVA
3
Soho ExclusiveBeyaz Unisex Sneaker 14361
(18592)
169,99 TL, Image Displayed: true
2023-06-12 12:35:15 INFO  SearchPage:117 - Product: HIZLI TESLIMAT
KARGO BEDAVA
2
Dark SeerKadın Beyaz Pudra Sneaker
(10825)
Son 30 Günün En Düşük Fiyatı!
474,40 TL, Image Displayed: true
2023-06-12 12:35:15 INFO  SearchPage:117 - Product: HIZLI TESLIMAT
KARGO BEDAVA
12
RicconUnisex Siyah Sneaker 0012072
(21031)
352 TL, Image Displayed: true
2023-06-12 12:35:15 INFO  SearchPage:117 - Product: HIZLI TESLIMAT
KARGO BEDAVA
7
Tonny BlackKadın Spor Ayakkabı Beyaz Cilt Bls-q
(14495)
301,95 TL
Kupon Fırsatı, Image Displayed: true
2023-06-12 12:35:15 INFO  SearchPage:48 - Tab 7, Checked 
2023-06-12 12:35:18 INFO  SearchPage:117 - Product: HIZLI TESLIMAT
KARGO BEDAVA
SMARTBLUEPlastik Kasa Amatör Eski Model Manessa Profesyonel T-bıçak Saç Sakal Ense Ve Çizim Tıraş Makinesi
(2176)
149 TL
10 TL Kupon, Image Displayed: true
2023-06-12 12:35:19 INFO  SearchPage:117 - Product: HIZLI TESLIMAT
KARGO BEDAVA
PhilipsAirfryer Xxl Hd9650/90 Avance Collection Fritöz
(13138)
Son 14 Günün En Düşük Fiyatı!
5.799 TL, Image Displayed: true
2023-06-12 12:35:19 INFO  SearchPage:117 - Product: HIZLI TESLIMAT
KARGO BEDAVA
PowertecTr-1818 T-bıçak Ense Sakal Çizim Tıraş Makinesi
(18556)
334,50 TL
Çok Al Az Öde, Image Displayed: true
2023-06-12 12:35:19 INFO  SearchPage:117 - Product: HIZLI TESLIMAT
KARGO BEDAVA
FANTOMPratic Kırmızı Kuru Süpürge
(31519)
747 TL, Image Displayed: true
2023-06-12 12:35:19 INFO  SearchPage:48 - Tab 8, Checked 
2023-06-12 13:49:02 INFO  SearchPage:117 - Product: Matebook D14 Intel Core i5-1155G7 8GB 512GB SSD 14" W11 Dizüstü Bilgisayar (Huawei Türkiye Garanti), Image Displayed: true
2023-06-12 13:49:02 INFO  SearchPage:117 - Product: Abra A5 V16.7.3 Intel Core I5-11400h 16gb Ram 500gb Ssd 4gb Gtx1650 Freedos 15.6" Fhd 144hz, Image Displayed: true
2023-06-12 13:49:02 INFO  SearchPage:117 - Product: Excalibur G870.1245-DFA0X-B Intel Core i5-12450H 32GB RAM 1TB NVME SSD 6GB RTX4050 Freedos, Image Displayed: true
2023-06-12 13:49:02 INFO  SearchPage:117 - Product: Aspire3 Intel Core i5-1135G7 8GB 256GB SSD 15,6" FHD DOS Dizüstü Bilgisayar (ACER Türkiye Garantili), Image Displayed: true
2023-06-12 13:49:03 INFO  SearchPage:48 - Tab 1, Checked 
2023-06-12 13:49:42 INFO  SearchPage:117 - Product: Matebook D14 Intel Core i5-1155G7 8GB 512GB SSD 14" W11 Dizüstü Bilgisayar (Huawei Türkiye Garanti), Image Displayed: true
2023-06-12 13:49:42 INFO  SearchPage:117 - Product: Abra A5 V16.7.3 Intel Core I5-11400h 16gb Ram 500gb Ssd 4gb Gtx1650 Freedos 15.6" Fhd 144hz, Image Displayed: true
2023-06-12 13:49:42 INFO  SearchPage:117 - Product: Excalibur G870.1245-DFA0X-B Intel Core i5-12450H 32GB RAM 1TB NVME SSD 6GB RTX4050 Freedos, Image Displayed: true
2023-06-12 13:49:43 INFO  SearchPage:117 - Product: Aspire3 Intel Core i5-1135G7 8GB 256GB SSD 15,6" FHD DOS Dizüstü Bilgisayar (ACER Türkiye Garantili), Image Displayed: true
2023-06-12 13:49:43 INFO  SearchPage:48 - Tab 2, Checked 
